<testsuites id="" name="" tests="48" failures="2" skipped="4" errors="0" time="53.572239">
<testsuite name="Dashboard/example.spec.ts" timestamp="2025-08-12T09:21:21.047Z" hostname="chromium" tests="2" failures="0" skipped="0" time="1.328" errors="0">
<testcase name="has title" classname="Dashboard/example.spec.ts" time="0.581">
</testcase>
<testcase name="get started link" classname="Dashboard/example.spec.ts" time="0.747">
</testcase>
</testsuite>
<testsuite name="Dashboard/tagExample.spec.ts" timestamp="2025-08-12T09:21:21.047Z" hostname="chromium" tests="5" failures="0" skipped="0" time="1.806" errors="0">
<testcase name="PW Test 1 @smoke" classname="Dashboard/tagExample.spec.ts" time="0.371">
</testcase>
<testcase name="PW Test 2 @regression" classname="Dashboard/tagExample.spec.ts" time="0.371">
</testcase>
<testcase name="PW Test 3 @smoke" classname="Dashboard/tagExample.spec.ts" time="0.354">
</testcase>
<testcase name="PW Test 4 @regression" classname="Dashboard/tagExample.spec.ts" time="0.345">
</testcase>
<testcase name="PW Test 5 @smoke" classname="Dashboard/tagExample.spec.ts" time="0.365">
</testcase>
</testsuite>
<testsuite name="LogIn/hooksParallelExample.spec.ts" timestamp="2025-08-12T09:21:21.047Z" hostname="chromium" tests="3" failures="0" skipped="0" time="3.683" errors="0">
<testcase name="TS | Example › TC1" classname="LogIn/hooksParallelExample.spec.ts" time="1.235">
</testcase>
<testcase name="TS | Example › TC2" classname="LogIn/hooksParallelExample.spec.ts" time="1.21">
</testcase>
<testcase name="TS | Example › TC3" classname="LogIn/hooksParallelExample.spec.ts" time="1.238">
</testcase>
</testsuite>
<testsuite name="settings/hooksSerialExample.spec.ts" timestamp="2025-08-12T09:21:21.047Z" hostname="chromium" tests="3" failures="0" skipped="0" time="3.743" errors="0">
<testcase name="TS | Serial Example › TC1" classname="settings/hooksSerialExample.spec.ts" time="1.214">
<system-out>
<![CDATA[
TC1 starting...
Test finished.
]]>
</system-out>
</testcase>
<testcase name="TS | Serial Example › TC2" classname="settings/hooksSerialExample.spec.ts" time="1.208">
<system-out>
<![CDATA[
TC2 starting...
Test finished.
]]>
</system-out>
</testcase>
<testcase name="TS | Serial Example › TC3" classname="settings/hooksSerialExample.spec.ts" time="1.321">
<system-out>
<![CDATA[
TC3 starting...
Test finished.
]]>
</system-out>
</testcase>
</testsuite>
<testsuite name="settings/testSuiteExample.spec.ts" timestamp="2025-08-12T09:21:21.047Z" hostname="chromium" tests="4" failures="0" skipped="0" time="4.26" errors="0">
<testcase name="TS | Example › PW Test 1" classname="settings/testSuiteExample.spec.ts" time="1.068">
</testcase>
<testcase name="TS | Example › PW Test 2" classname="settings/testSuiteExample.spec.ts" time="1.065">
</testcase>
<testcase name="TS | Example › PW Test 3" classname="settings/testSuiteExample.spec.ts" time="1.064">
</testcase>
<testcase name="TS | Example › PW Test 4" classname="settings/testSuiteExample.spec.ts" time="1.063">
</testcase>
</testsuite>
<testsuite name="Usage/myExample.spec.ts" timestamp="2025-08-12T09:21:21.047Z" hostname="chromium" tests="7" failures="1" skipped="2" time="3.044" errors="0">
<testcase name="First PW Test" classname="Usage/myExample.spec.ts" time="0.332">
<properties>
<property name="slow" value="">
</property>
</properties>
</testcase>
<testcase name="Fail PW Test" classname="Usage/myExample.spec.ts" time="0.375">
<properties>
<property name="slow" value="">
</property>
<property name="fail" value="">
</property>
</properties>
<failure message="myExample.spec.ts:7:6 Fail PW Test" type="FAILURE">
<![CDATA[  [chromium] › Usage/myExample.spec.ts:7:6 › Fail PW Test ──────────────────────────────────────────

    Expected to fail, but passed.

    attachment #1: screenshot (image/png) ──────────────────────────────────────────────────────────
    test-results/Usage-myExample-Fail-PW-Test-chromium/test-failed-1.png
    ────────────────────────────────────────────────────────────────────────────────────────────────

    attachment #2: video (video/webm) ──────────────────────────────────────────────────────────────
    test-results/Usage-myExample-Fail-PW-Test-chromium/video.webm
    ────────────────────────────────────────────────────────────────────────────────────────────────
]]>
</failure>
<system-out>
<![CDATA[
[[ATTACHMENT|../../test-results/Usage-myExample-Fail-PW-Test-chromium/test-failed-1.png]]

[[ATTACHMENT|../../test-results/Usage-myExample-Fail-PW-Test-chromium/video.webm]]
]]>
</system-out>
</testcase>
<testcase name="Fix me PW Test" classname="Usage/myExample.spec.ts" time="0">
<properties>
<property name="slow" value="async ({
  page
}) =&gt; {
  await page.goto(&quot;https://playwright.dev&quot;);
}">
</property>
<property name="fixme" value="">
</property>
</properties>
<skipped>
</skipped>
</testcase>
<testcase name="Skip PW Test" classname="Usage/myExample.spec.ts" time="0">
<properties>
<property name="slow" value="async ({
  page
}) =&gt; {
  await page.goto(&quot;https://playwright.dev&quot;);
}">
</property>
<property name="skip" value="">
</property>
</properties>
<skipped>
</skipped>
</testcase>
<testcase name="Conditional skip PW Test" classname="Usage/myExample.spec.ts" time="0.414">
<properties>
<property name="slow" value="">
</property>
</properties>
</testcase>
<testcase name="Locator example" classname="Usage/myExample.spec.ts" time="0.399">
<properties>
<property name="slow" value="">
</property>
</properties>
</testcase>
<testcase name="Simple click test" classname="Usage/myExample.spec.ts" time="1.524">
<properties>
<property name="slow" value="">
</property>
</properties>
</testcase>
</testsuite>
<testsuite name="Dashboard/example.spec.ts" timestamp="2025-08-12T09:21:21.047Z" hostname="Mobile Safari" tests="2" failures="0" skipped="0" time="4.005" errors="0">
<testcase name="has title" classname="Dashboard/example.spec.ts" time="2.899">
</testcase>
<testcase name="get started link" classname="Dashboard/example.spec.ts" time="1.106">
</testcase>
</testsuite>
<testsuite name="Dashboard/tagExample.spec.ts" timestamp="2025-08-12T09:21:21.047Z" hostname="Mobile Safari" tests="5" failures="0" skipped="0" time="3.297" errors="0">
<testcase name="PW Test 1 @smoke" classname="Dashboard/tagExample.spec.ts" time="0.702">
</testcase>
<testcase name="PW Test 2 @regression" classname="Dashboard/tagExample.spec.ts" time="0.622">
</testcase>
<testcase name="PW Test 3 @smoke" classname="Dashboard/tagExample.spec.ts" time="0.691">
</testcase>
<testcase name="PW Test 4 @regression" classname="Dashboard/tagExample.spec.ts" time="0.646">
</testcase>
<testcase name="PW Test 5 @smoke" classname="Dashboard/tagExample.spec.ts" time="0.636">
</testcase>
</testsuite>
<testsuite name="LogIn/hooksParallelExample.spec.ts" timestamp="2025-08-12T09:21:21.047Z" hostname="Mobile Safari" tests="3" failures="0" skipped="0" time="6.324" errors="0">
<testcase name="TS | Example › TC1" classname="LogIn/hooksParallelExample.spec.ts" time="2.171">
</testcase>
<testcase name="TS | Example › TC2" classname="LogIn/hooksParallelExample.spec.ts" time="2.121">
</testcase>
<testcase name="TS | Example › TC3" classname="LogIn/hooksParallelExample.spec.ts" time="2.032">
</testcase>
</testsuite>
<testsuite name="settings/hooksSerialExample.spec.ts" timestamp="2025-08-12T09:21:21.047Z" hostname="Mobile Safari" tests="3" failures="0" skipped="0" time="6.357" errors="0">
<testcase name="TS | Serial Example › TC1" classname="settings/hooksSerialExample.spec.ts" time="2.149">
<system-out>
<![CDATA[
TC1 starting...
Test finished.
]]>
</system-out>
</testcase>
<testcase name="TS | Serial Example › TC2" classname="settings/hooksSerialExample.spec.ts" time="2.111">
<system-out>
<![CDATA[
TC2 starting...
Test finished.
]]>
</system-out>
</testcase>
<testcase name="TS | Serial Example › TC3" classname="settings/hooksSerialExample.spec.ts" time="2.097">
<system-out>
<![CDATA[
TC3 starting...
Test finished.
]]>
</system-out>
</testcase>
</testsuite>
<testsuite name="settings/testSuiteExample.spec.ts" timestamp="2025-08-12T09:21:21.047Z" hostname="Mobile Safari" tests="4" failures="0" skipped="0" time="7.65" errors="0">
<testcase name="TS | Example › PW Test 1" classname="settings/testSuiteExample.spec.ts" time="1.975">
</testcase>
<testcase name="TS | Example › PW Test 2" classname="settings/testSuiteExample.spec.ts" time="1.944">
</testcase>
<testcase name="TS | Example › PW Test 3" classname="settings/testSuiteExample.spec.ts" time="1.785">
</testcase>
<testcase name="TS | Example › PW Test 4" classname="settings/testSuiteExample.spec.ts" time="1.946">
</testcase>
</testsuite>
<testsuite name="Usage/myExample.spec.ts" timestamp="2025-08-12T09:21:21.047Z" hostname="Mobile Safari" tests="7" failures="1" skipped="2" time="5.169" errors="0">
<testcase name="First PW Test" classname="Usage/myExample.spec.ts" time="0.57">
<properties>
<property name="slow" value="">
</property>
</properties>
</testcase>
<testcase name="Fail PW Test" classname="Usage/myExample.spec.ts" time="0.671">
<properties>
<property name="slow" value="">
</property>
<property name="fail" value="">
</property>
</properties>
<failure message="myExample.spec.ts:7:6 Fail PW Test" type="FAILURE">
<![CDATA[  [Mobile Safari] › Usage/myExample.spec.ts:7:6 › Fail PW Test ─────────────────────────────────────

    Expected to fail, but passed.

    attachment #1: screenshot (image/png) ──────────────────────────────────────────────────────────
    test-results/Usage-myExample-Fail-PW-Test-Mobile-Safari/test-failed-1.png
    ────────────────────────────────────────────────────────────────────────────────────────────────

    attachment #2: video (video/webm) ──────────────────────────────────────────────────────────────
    test-results/Usage-myExample-Fail-PW-Test-Mobile-Safari/video.webm
    ────────────────────────────────────────────────────────────────────────────────────────────────
]]>
</failure>
<system-out>
<![CDATA[
[[ATTACHMENT|../../test-results/Usage-myExample-Fail-PW-Test-Mobile-Safari/test-failed-1.png]]

[[ATTACHMENT|../../test-results/Usage-myExample-Fail-PW-Test-Mobile-Safari/video.webm]]
]]>
</system-out>
</testcase>
<testcase name="Fix me PW Test" classname="Usage/myExample.spec.ts" time="0">
<properties>
<property name="slow" value="async ({
  page
}) =&gt; {
  await page.goto(&quot;https://playwright.dev&quot;);
}">
</property>
<property name="fixme" value="">
</property>
</properties>
<skipped>
</skipped>
</testcase>
<testcase name="Skip PW Test" classname="Usage/myExample.spec.ts" time="0">
<properties>
<property name="slow" value="async ({
  page
}) =&gt; {
  await page.goto(&quot;https://playwright.dev&quot;);
}">
</property>
<property name="skip" value="">
</property>
</properties>
<skipped>
</skipped>
</testcase>
<testcase name="Conditional skip PW Test" classname="Usage/myExample.spec.ts" time="0.767">
<properties>
<property name="slow" value="">
</property>
</properties>
</testcase>
<testcase name="Locator example" classname="Usage/myExample.spec.ts" time="0.754">
<properties>
<property name="slow" value="">
</property>
</properties>
</testcase>
<testcase name="Simple click test" classname="Usage/myExample.spec.ts" time="2.407">
<properties>
<property name="slow" value="">
</property>
</properties>
</testcase>
</testsuite>
</testsuites>