<testsuites id="" name="" tests="48" failures="2" skipped="4" errors="0" time="52.370422000000005">
<testsuite name="Dashboard/example.spec.ts" timestamp="2025-08-08T14:01:03.657Z" hostname="chromium" tests="2" failures="0" skipped="0" time="1.214" errors="0">
<testcase name="has title" classname="Dashboard/example.spec.ts" time="0.475">
</testcase>
<testcase name="get started link" classname="Dashboard/example.spec.ts" time="0.739">
</testcase>
</testsuite>
<testsuite name="Dashboard/tagExample.spec.ts" timestamp="2025-08-08T14:01:03.657Z" hostname="chromium" tests="5" failures="0" skipped="0" time="1.853" errors="0">
<testcase name="PW Test 1 @smoke" classname="Dashboard/tagExample.spec.ts" time="0.385">
</testcase>
<testcase name="PW Test 2 @regression" classname="Dashboard/tagExample.spec.ts" time="0.359">
</testcase>
<testcase name="PW Test 3 @smoke" classname="Dashboard/tagExample.spec.ts" time="0.359">
</testcase>
<testcase name="PW Test 4 @regression" classname="Dashboard/tagExample.spec.ts" time="0.38">
</testcase>
<testcase name="PW Test 5 @smoke" classname="Dashboard/tagExample.spec.ts" time="0.37">
</testcase>
</testsuite>
<testsuite name="LogIn/hooksParallelExample.spec.ts" timestamp="2025-08-08T14:01:03.657Z" hostname="chromium" tests="3" failures="0" skipped="0" time="3.634" errors="0">
<testcase name="TS | Example › TC1" classname="LogIn/hooksParallelExample.spec.ts" time="1.222">
</testcase>
<testcase name="TS | Example › TC2" classname="LogIn/hooksParallelExample.spec.ts" time="1.224">
</testcase>
<testcase name="TS | Example › TC3" classname="LogIn/hooksParallelExample.spec.ts" time="1.188">
</testcase>
</testsuite>
<testsuite name="settings/hooksSerialExample.spec.ts" timestamp="2025-08-08T14:01:03.657Z" hostname="chromium" tests="3" failures="0" skipped="0" time="3.611" errors="0">
<testcase name="TS | Serial Example › TC1" classname="settings/hooksSerialExample.spec.ts" time="1.215">
<system-out>
<![CDATA[
TC1 starting...
Test finished.
]]>
</system-out>
</testcase>
<testcase name="TS | Serial Example › TC2" classname="settings/hooksSerialExample.spec.ts" time="1.209">
<system-out>
<![CDATA[
TC2 starting...
Test finished.
]]>
</system-out>
</testcase>
<testcase name="TS | Serial Example › TC3" classname="settings/hooksSerialExample.spec.ts" time="1.187">
<system-out>
<![CDATA[
TC3 starting...
Test finished.
]]>
</system-out>
</testcase>
</testsuite>
<testsuite name="settings/testSuiteExample.spec.ts" timestamp="2025-08-08T14:01:03.657Z" hostname="chromium" tests="4" failures="0" skipped="0" time="4.278" errors="0">
<testcase name="TS | Example › PW Test 1" classname="settings/testSuiteExample.spec.ts" time="1.08">
</testcase>
<testcase name="TS | Example › PW Test 2" classname="settings/testSuiteExample.spec.ts" time="1.062">
</testcase>
<testcase name="TS | Example › PW Test 3" classname="settings/testSuiteExample.spec.ts" time="1.082">
</testcase>
<testcase name="TS | Example › PW Test 4" classname="settings/testSuiteExample.spec.ts" time="1.054">
</testcase>
</testsuite>
<testsuite name="Usage/myExample.spec.ts" timestamp="2025-08-08T14:01:03.657Z" hostname="chromium" tests="7" failures="1" skipped="2" time="3.128" errors="0">
<testcase name="First PW Test" classname="Usage/myExample.spec.ts" time="0.35">
<properties>
<property name="slow" value="">
</property>
</properties>
</testcase>
<testcase name="Fail PW Test" classname="Usage/myExample.spec.ts" time="0.385">
<properties>
<property name="slow" value="">
</property>
<property name="fail" value="">
</property>
</properties>
<failure message="myExample.spec.ts:7:6 Fail PW Test" type="FAILURE">
<![CDATA[  [chromium] › Usage/myExample.spec.ts:7:6 › Fail PW Test ──────────────────────────────────────────

    Expected to fail, but passed.

    attachment #1: screenshot (image/png) ──────────────────────────────────────────────────────────
    test-results/Usage-myExample-Fail-PW-Test-chromium/test-failed-1.png
    ────────────────────────────────────────────────────────────────────────────────────────────────

    attachment #2: video (video/webm) ──────────────────────────────────────────────────────────────
    test-results/Usage-myExample-Fail-PW-Test-chromium/video.webm
    ────────────────────────────────────────────────────────────────────────────────────────────────
]]>
</failure>
<system-out>
<![CDATA[
[[ATTACHMENT|../../test-results/Usage-myExample-Fail-PW-Test-chromium/test-failed-1.png]]

[[ATTACHMENT|../../test-results/Usage-myExample-Fail-PW-Test-chromium/video.webm]]
]]>
</system-out>
</testcase>
<testcase name="Fix me PW Test" classname="Usage/myExample.spec.ts" time="0">
<properties>
<property name="slow" value="async ({
  page
}) =&gt; {
  await page.goto(&quot;https://playwright.dev&quot;);
}">
</property>
<property name="fixme" value="">
</property>
</properties>
<skipped>
</skipped>
</testcase>
<testcase name="Skip PW Test" classname="Usage/myExample.spec.ts" time="0">
<properties>
<property name="slow" value="async ({
  page
}) =&gt; {
  await page.goto(&quot;https://playwright.dev&quot;);
}">
</property>
<property name="skip" value="">
</property>
</properties>
<skipped>
</skipped>
</testcase>
<testcase name="Conditional skip PW Test" classname="Usage/myExample.spec.ts" time="0.441">
<properties>
<property name="slow" value="">
</property>
</properties>
</testcase>
<testcase name="Locator example" classname="Usage/myExample.spec.ts" time="0.467">
<properties>
<property name="slow" value="">
</property>
</properties>
</testcase>
<testcase name="Simple click test" classname="Usage/myExample.spec.ts" time="1.485">
<properties>
<property name="slow" value="">
</property>
</properties>
</testcase>
</testsuite>
<testsuite name="Dashboard/example.spec.ts" timestamp="2025-08-08T14:01:03.657Z" hostname="Mobile Safari" tests="2" failures="0" skipped="0" time="2.957" errors="0">
<testcase name="has title" classname="Dashboard/example.spec.ts" time="1.921">
</testcase>
<testcase name="get started link" classname="Dashboard/example.spec.ts" time="1.036">
</testcase>
</testsuite>
<testsuite name="Dashboard/tagExample.spec.ts" timestamp="2025-08-08T14:01:03.657Z" hostname="Mobile Safari" tests="5" failures="0" skipped="0" time="3.308" errors="0">
<testcase name="PW Test 1 @smoke" classname="Dashboard/tagExample.spec.ts" time="0.699">
</testcase>
<testcase name="PW Test 2 @regression" classname="Dashboard/tagExample.spec.ts" time="0.604">
</testcase>
<testcase name="PW Test 3 @smoke" classname="Dashboard/tagExample.spec.ts" time="0.73">
</testcase>
<testcase name="PW Test 4 @regression" classname="Dashboard/tagExample.spec.ts" time="0.634">
</testcase>
<testcase name="PW Test 5 @smoke" classname="Dashboard/tagExample.spec.ts" time="0.641">
</testcase>
</testsuite>
<testsuite name="LogIn/hooksParallelExample.spec.ts" timestamp="2025-08-08T14:01:03.657Z" hostname="Mobile Safari" tests="3" failures="0" skipped="0" time="6.347" errors="0">
<testcase name="TS | Example › TC1" classname="LogIn/hooksParallelExample.spec.ts" time="2.13">
</testcase>
<testcase name="TS | Example › TC2" classname="LogIn/hooksParallelExample.spec.ts" time="2.143">
</testcase>
<testcase name="TS | Example › TC3" classname="LogIn/hooksParallelExample.spec.ts" time="2.074">
</testcase>
</testsuite>
<testsuite name="settings/hooksSerialExample.spec.ts" timestamp="2025-08-08T14:01:03.657Z" hostname="Mobile Safari" tests="3" failures="0" skipped="0" time="6.4" errors="0">
<testcase name="TS | Serial Example › TC1" classname="settings/hooksSerialExample.spec.ts" time="2.169">
<system-out>
<![CDATA[
TC1 starting...
Test finished.
]]>
</system-out>
</testcase>
<testcase name="TS | Serial Example › TC2" classname="settings/hooksSerialExample.spec.ts" time="2.125">
<system-out>
<![CDATA[
TC2 starting...
Test finished.
]]>
</system-out>
</testcase>
<testcase name="TS | Serial Example › TC3" classname="settings/hooksSerialExample.spec.ts" time="2.106">
<system-out>
<![CDATA[
TC3 starting...
Test finished.
]]>
</system-out>
</testcase>
</testsuite>
<testsuite name="settings/testSuiteExample.spec.ts" timestamp="2025-08-08T14:01:03.657Z" hostname="Mobile Safari" tests="4" failures="0" skipped="0" time="7.531" errors="0">
<testcase name="TS | Example › PW Test 1" classname="settings/testSuiteExample.spec.ts" time="1.9">
</testcase>
<testcase name="TS | Example › PW Test 2" classname="settings/testSuiteExample.spec.ts" time="1.881">
</testcase>
<testcase name="TS | Example › PW Test 3" classname="settings/testSuiteExample.spec.ts" time="1.888">
</testcase>
<testcase name="TS | Example › PW Test 4" classname="settings/testSuiteExample.spec.ts" time="1.862">
</testcase>
</testsuite>
<testsuite name="Usage/myExample.spec.ts" timestamp="2025-08-08T14:01:03.657Z" hostname="Mobile Safari" tests="7" failures="1" skipped="2" time="5.27" errors="0">
<testcase name="First PW Test" classname="Usage/myExample.spec.ts" time="0.676">
<properties>
<property name="slow" value="">
</property>
</properties>
</testcase>
<testcase name="Fail PW Test" classname="Usage/myExample.spec.ts" time="0.637">
<properties>
<property name="slow" value="">
</property>
<property name="fail" value="">
</property>
</properties>
<failure message="myExample.spec.ts:7:6 Fail PW Test" type="FAILURE">
<![CDATA[  [Mobile Safari] › Usage/myExample.spec.ts:7:6 › Fail PW Test ─────────────────────────────────────

    Expected to fail, but passed.

    attachment #1: screenshot (image/png) ──────────────────────────────────────────────────────────
    test-results/Usage-myExample-Fail-PW-Test-Mobile-Safari/test-failed-1.png
    ────────────────────────────────────────────────────────────────────────────────────────────────

    attachment #2: video (video/webm) ──────────────────────────────────────────────────────────────
    test-results/Usage-myExample-Fail-PW-Test-Mobile-Safari/video.webm
    ────────────────────────────────────────────────────────────────────────────────────────────────
]]>
</failure>
<system-out>
<![CDATA[
[[ATTACHMENT|../../test-results/Usage-myExample-Fail-PW-Test-Mobile-Safari/test-failed-1.png]]

[[ATTACHMENT|../../test-results/Usage-myExample-Fail-PW-Test-Mobile-Safari/video.webm]]
]]>
</system-out>
</testcase>
<testcase name="Fix me PW Test" classname="Usage/myExample.spec.ts" time="0">
<properties>
<property name="slow" value="async ({
  page
}) =&gt; {
  await page.goto(&quot;https://playwright.dev&quot;);
}">
</property>
<property name="fixme" value="">
</property>
</properties>
<skipped>
</skipped>
</testcase>
<testcase name="Skip PW Test" classname="Usage/myExample.spec.ts" time="0">
<properties>
<property name="slow" value="async ({
  page
}) =&gt; {
  await page.goto(&quot;https://playwright.dev&quot;);
}">
</property>
<property name="skip" value="">
</property>
</properties>
<skipped>
</skipped>
</testcase>
<testcase name="Conditional skip PW Test" classname="Usage/myExample.spec.ts" time="0.783">
<properties>
<property name="slow" value="">
</property>
</properties>
</testcase>
<testcase name="Locator example" classname="Usage/myExample.spec.ts" time="0.753">
<properties>
<property name="slow" value="">
</property>
</properties>
</testcase>
<testcase name="Simple click test" classname="Usage/myExample.spec.ts" time="2.421">
<properties>
<property name="slow" value="">
</property>
</properties>
</testcase>
</testsuite>
</testsuites>